  complex.cpp
  main.cpp
  myMatrix.cpp
E:\ttb\Viclib\faultdiagnosislib\faultdiagnosislib\myMatrix.cpp(115,16): warning C4018: “<”: 有符号/无符号不匹配
E:\ttb\Viclib\faultdiagnosislib\faultdiagnosislib\myMatrix.cpp(117,17): warning C4018: “<”: 有符号/无符号不匹配
E:\ttb\Viclib\faultdiagnosislib\faultdiagnosislib\myMatrix.cpp(132,16): warning C4018: “<”: 有符号/无符号不匹配
E:\ttb\Viclib\faultdiagnosislib\faultdiagnosislib\myMatrix.cpp(134,17): warning C4018: “<”: 有符号/无符号不匹配
E:\ttb\Viclib\faultdiagnosislib\faultdiagnosislib\myMatrix.cpp(150,16): warning C4018: “<”: 有符号/无符号不匹配
E:\ttb\Viclib\faultdiagnosislib\faultdiagnosislib\myMatrix.cpp(152,17): warning C4018: “<”: 有符号/无符号不匹配
E:\ttb\Viclib\faultdiagnosislib\faultdiagnosislib\myMatrix.cpp(530,16): warning C4018: “<”: 有符号/无符号不匹配
E:\ttb\Viclib\faultdiagnosislib\faultdiagnosislib\myMatrix.cpp(534,21): warning C4018: “<”: 有符号/无符号不匹配
E:\ttb\Viclib\faultdiagnosislib\faultdiagnosislib\myMatrix.cpp(548,21): warning C4018: “<”: 有符号/无符号不匹配
E:\ttb\Viclib\faultdiagnosislib\faultdiagnosislib\myMatrix.cpp(551,18): warning C4018: “<”: 有符号/无符号不匹配
E:\ttb\Viclib\faultdiagnosislib\faultdiagnosislib\myMatrix.cpp(559,16): warning C4018: “<”: 有符号/无符号不匹配
E:\ttb\Viclib\faultdiagnosislib\faultdiagnosislib\myMatrix.cpp(570,18): warning C4018: “<”: 有符号/无符号不匹配
E:\ttb\Viclib\faultdiagnosislib\faultdiagnosislib\myMatrix.cpp(662,60): warning C4244: “+=”: 从“double”转换到“int”，可能丢失数据
E:\ttb\Viclib\faultdiagnosislib\faultdiagnosislib\myMatrix.cpp(676,60): warning C4244: “+=”: 从“double”转换到“int”，可能丢失数据
E:\ttb\Viclib\faultdiagnosislib\faultdiagnosislib\myMatrix.cpp(707,20): warning C4018: “<”: 有符号/无符号不匹配
E:\ttb\Viclib\faultdiagnosislib\faultdiagnosislib\myMatrix.cpp(711,20): warning C4018: “<”: 有符号/无符号不匹配
E:\ttb\Viclib\faultdiagnosislib\faultdiagnosislib\myMatrix.cpp(935,12): warning C4244: “参数”: 从“time_t”转换到“unsigned int”，可能丢失数据
E:\ttb\Viclib\faultdiagnosislib\faultdiagnosislib\myMatrix.cpp(980,17): warning C4018: “>=”: 有符号/无符号不匹配
E:\ttb\Viclib\faultdiagnosislib\faultdiagnosislib\myMatrix.cpp(980,42): warning C4018: “>=”: 有符号/无符号不匹配
E:\ttb\Viclib\faultdiagnosislib\faultdiagnosislib\myMatrix.cpp(1001,9): warning C4101: “j”: 未引用的局部变量
E:\ttb\Viclib\faultdiagnosislib\faultdiagnosislib\myMatrix.cpp(1019,9): warning C4101: “j”: 未引用的局部变量
E:\ttb\Viclib\faultdiagnosislib\faultdiagnosislib\myMatrix.cpp(1511,13): warning C4244: “=”: 从“double”转换到“int”，可能丢失数据
E:\ttb\Viclib\faultdiagnosislib\faultdiagnosislib\myMatrix.cpp(1531,10): warning C4244: “初始化”: 从“double”转换到“int”，可能丢失数据
E:\ttb\Viclib\faultdiagnosislib\faultdiagnosislib\myMatrix.cpp(1619,14): warning C4244: “初始化”: 从“double”转换到“int”，可能丢失数据
E:\ttb\Viclib\faultdiagnosislib\faultdiagnosislib\myMatrix.cpp(1683,19): warning C4244: “初始化”: 从“double”转换到“int”，可能丢失数据
  正在生成代码...
E:\ttb\Viclib\faultdiagnosislib\faultdiagnosislib\myMatrix.cpp(690): warning C4715: “conv2”: 不是所有的控件路径都返回值
E:\ttb\Viclib\faultdiagnosislib\faultdiagnosislib\myMatrix.cpp(797): warning C4715: “all”: 不是所有的控件路径都返回值
E:\ttb\Viclib\faultdiagnosislib\faultdiagnosislib\myMatrix.cpp(1255): warning C4172: 返回局部变量或临时变量的地址: result
E:\ttb\Viclib\faultdiagnosislib\faultdiagnosislib\myMatrix.cpp(1289): warning C4172: 返回局部变量或临时变量的地址: result
E:\ttb\Viclib\faultdiagnosislib\faultdiagnosislib\myMatrix.cpp(1737): warning C4172: 返回局部变量或临时变量的地址: result
  LINK : 没有找到 E:\ttb\Viclib\faultdiagnosislib\Debug\faultdiagnosislib.dll 或上一个增量链接没有生成它；正在执行完全链接
    正在创建库 E:\ttb\Viclib\faultdiagnosislib\Debug\faultdiagnosislib.lib 和对象 E:\ttb\Viclib\faultdiagnosislib\Debug\faultdiagnosislib.exp
  faultdiagnosislib.vcxproj -> E:\ttb\Viclib\faultdiagnosislib\Debug\faultdiagnosislib.dll
